0024:fixme:ntdll:NtQuerySystemInformation info_class SYSTEM_PERFORMANCE_INFORMATION
0024:fixme:dxgi:DXGID3D10CreateDevice Ignoring flags 0x20.
0024:fixme:d2d:d2d_device_create_device_context Options are ignored 0x1.
0024:fixme:dwrite:dwritefactory_CreateMonitorRenderingParams (0000000000000001): monitor setting ignored
0024:fixme:d3d11:d3d11_device_CheckFormatSupport iface 00007FFFFF4F1810, format 28, format_support 00007FFFFE20F898 partial-stub!
0024:fixme:d3d11:d3d11_device_CheckFormatSupport iface 00007FFFFF4F1810, format 87, format_support 00007FFFFE20F898 partial-stub!
0024:fixme:d3d11:d3d11_device_CheckFormatSupport iface 00007FFFFF4F1810, format 65, format_support 00007FFFFE20F898 partial-stub!
0024:fixme:d3d11:d3d11_device_CheckFormatSupport iface 00007FFFFF4F1810, format 10, format_support 00007FFFFE20F898 partial-stub!
0024:fixme:d3d11:d3d11_device_CheckFormatSupport iface 00007FFFFF4F1810, format 69, format_support 00007FFFFE20F898 partial-stub!
0024:fixme:d3d11:d3d11_device_CheckFormatSupport iface 00007FFFFF4F1810, format 11, format_support 00007FFFFE20F898 partial-stub!
0024:fixme:d3d11:d3d11_device_CheckFormatSupport iface 00007FFFFF4F1810, format 13, format_support 00007FFFFE20F898 partial-stub!
0024:fixme:d3d_shader:shader_get_registers_used Ignoring typed UAV flags 0x4.
0024:fixme:d3d_shader:shader_get_registers_used Ignoring typed UAV flags 0x4.
0024:fixme:d3d_shader:shader_get_registers_used Ignoring typed UAV flags 0x4.
0024:fixme:d3d_shader:shader_get_registers_used Ignoring typed UAV flags 0x4.
0024:fixme:d3d_shader:shader_get_registers_used Ignoring typed UAV flags 0x4.
0024:fixme:d3d_shader:shader_get_registers_used Ignoring typed UAV flags 0x4.
0024:fixme:d3d_shader:shader_get_registers_used Ignoring typed UAV flags 0x4.
0024:fixme:d3d_shader:shader_get_registers_used Ignoring typed UAV flags 0x4.
0024:fixme:d3d_shader:shader_get_registers_used Ignoring typed UAV flags 0x4.
0024:fixme:d3d_shader:shader_get_registers_used Ignoring typed UAV flags 0x4.
0024:fixme:d3d_shader:shader_get_registers_used Ignoring typed UAV flags 0x4.
0024:fixme:d3d_shader:shader_get_registers_used Ignoring typed UAV flags 0x4.
0024:fixme:d3d_shader:shader_get_registers_used Ignoring typed UAV flags 0x4.
0024:fixme:d3d_shader:shader_get_registers_used Ignoring typed UAV flags 0x4.
0024:fixme:d3d_shader:shader_get_registers_used Ignoring typed UAV flags 0x4.
0024:fixme:d3d_shader:shader_get_registers_used Ignoring typed UAV flags 0x4.
0024:fixme:d3d_shader:shader_get_registers_used Ignoring typed UAV flags 0x4.
0024:fixme:d3d_shader:shader_get_registers_used Ignoring typed UAV flags 0x4.
0024:fixme:d3d_shader:shader_get_registers_used Ignoring typed UAV flags 0x4.
0024:fixme:d3d_shader:shader_get_registers_used Ignoring typed UAV flags 0x4.
0024:fixme:d3d_shader:shader_get_registers_used Ignoring typed UAV flags 0x4.
011c:fixme:kernelbase:AppPolicyGetThreadInitializationType FFFFFFFFFFFFFFFA, 00007F0C2060FF50
0024:fixme:dxgi:DXGID3D10CreateDevice Ignoring flags 0x20.
0024:fixme:d3d11:d3d11_device_context_SwapDeviceContextState D3D10 interface emulation not fully implemented yet!
0124:fixme:d3d:state_linepattern_w Setting line patterns is not supported in OpenGL core contexts.
0024:fixme:d2d:d2d_text_renderer_DrawGlyphRun Ignoring options 0x2.
0024:fixme:explorerframe:taskbar_list_SetProgressState iface 00007F0C0C1C91C0, hwnd 0000000000020068, flags 2 stub!
0024:fixme:explorerframe:taskbar_list_SetProgressValue iface 00007F0C0C1C91C0, hwnd 0000000000020068, ullCompleted 0, ullTotal 64 stub!
0024:fixme:d3d_shader:shader_get_registers_used Ignoring typed UAV flags 0x4.
0024:fixme:d3d_shader:shader_get_registers_used Ignoring typed UAV flags 0x4.
0024:fixme:d3d_shader:shader_get_registers_used Ignoring typed UAV flags 0x4.
0024:fixme:dwrite:dwritetextlayout_HitTestTextPosition No trailing run for empty layout 00007F0C0C585710.
0024:fixme:dwrite:dwritetextlayout_HitTestTextPosition No trailing run for empty layout 00007F0C0C585990.
0024:fixme:dwrite:dwritetextlayout_HitTestTextPosition No trailing run for empty layout 00007F0C0C585410.
0024:fixme:dwrite:dwritetextlayout_HitTestTextPosition No trailing run for empty layout 00007F0C0C585410.
0024:fixme:dwrite:dwritetextlayout_HitTestTextPosition No trailing run for empty layout 00007F0C0C585910.
0024:fixme:dwrite:dwritetextlayout_HitTestTextPosition No trailing run for empty layout 00007F0C0C581480.
0024:fixme:dwrite:dwritetextlayout_HitTestTextPosition No trailing run for empty layout 00007F0C0C581480.
0024:fixme:dwrite:dwritetextlayout_HitTestTextPosition No trailing run for empty layout 00007F0C0C5A0400.
0024:fixme:dwrite:dwritetextlayout_HitTestTextPosition No trailing run for empty layout 00007F0C0C582C50.
0024:fixme:dwrite:dwritetextlayout_HitTestTextPosition No trailing run for empty layout 00007F0C0C598C00.
0024:fixme:dwrite:dwritetextlayout_HitTestTextPosition No trailing run for empty layout 00007F0C0C599470.
0024:fixme:dwrite:dwritetextlayout_HitTestTextPosition No trailing run for empty layout 00007F0C0C5A50E0.
0024:fixme:dwrite:dwritetextlayout_HitTestTextPosition No trailing run for empty layout 00007F0C0C5A5360.
0024:fixme:dwrite:dwritetextlayout_HitTestTextPosition No trailing run for empty layout 00007F0C0C5A55E0.
0024:fixme:dwrite:dwritetextlayout_HitTestTextPosition No trailing run for empty layout 00007F0C0C5A5860.
0024:fixme:d2d:d2d_text_renderer_DrawGlyphRun Ignoring options 0x2.
0024:fixme:d2d:d2d_text_renderer_DrawGlyphRun Ignoring options 0x2.
0024:fixme:d2d:d2d_text_renderer_DrawGlyphRun Ignoring options 0x2.
0024:fixme:d2d:d2d_text_renderer_DrawGlyphRun Ignoring options 0x2.
0024:fixme:d2d:d2d_text_renderer_DrawGlyphRun Ignoring options 0x2.
0024:fixme:d2d:d2d_text_renderer_DrawGlyphRun Ignoring options 0x2.
0024:fixme:d2d:d2d_text_renderer_DrawGlyphRun Ignoring options 0x2.
0024:fixme:d2d:d2d_text_renderer_DrawGlyphRun Ignoring options 0x2.
0024:fixme:d2d:d2d_text_renderer_DrawGlyphRun Ignoring options 0x2.
0024:fixme:d2d:d2d_text_renderer_DrawGlyphRun Ignoring options 0x2.
0024:fixme:d2d:d2d_text_renderer_DrawGlyphRun Ignoring options 0x2.
0024:fixme:d2d:d2d_text_renderer_DrawGlyphRun Ignoring options 0x2.
0024:fixme:d2d:d2d_text_renderer_DrawGlyphRun Ignoring options 0x2.
0024:fixme:d2d:d2d_text_renderer_DrawGlyphRun Ignoring options 0x2.
0024:fixme:d2d:d2d_text_renderer_DrawGlyphRun Ignoring options 0x2.
0024:fixme:d2d:d2d_text_renderer_DrawGlyphRun Ignoring options 0x2.
0024:fixme:d2d:d2d_text_renderer_DrawGlyphRun Ignoring options 0x2.
0024:fixme:d2d:d2d_text_renderer_DrawGlyphRun Ignoring options 0x2.
0024:fixme:d2d:d2d_text_renderer_DrawGlyphRun Ignoring options 0x2.
0024:fixme:d2d:d2d_text_renderer_DrawGlyphRun Ignoring options 0x2.
0024:fixme:d2d:d2d_text_renderer_DrawGlyphRun Ignoring options 0x2.
0024:fixme:d2d:d2d_device_context_DrawGeometry Ignoring stroke style 00007F0C0C71D600.
0024:fixme:d2d:d2d_device_context_DrawGeometry Ignoring stroke style 00007F0C0C71D600.
0024:fixme:d2d:d2d_device_context_DrawGeometry Ignoring stroke style 00007F0C0C71D600.
0024:fixme:d2d:d2d_device_context_DrawGeometry Ignoring stroke style 00007F0C0C71D600.
0024:fixme:d2d:d2d_device_context_DrawGeometry Ignoring stroke style 00007F0C0C71D600.
0024:fixme:d2d:d2d_device_context_DrawGeometry Ignoring stroke style 00007F0C0C71D600.
0024:fixme:d2d:d2d_device_context_DrawGeometry Ignoring stroke style 00007F0C0C71D600.
0024:fixme:d2d:d2d_device_context_DrawGeometry Ignoring stroke style 00007F0C0C71D600.
0024:fixme:d2d:d2d_text_renderer_DrawGlyphRun Ignoring options 0x2.
0024:fixme:d2d:d2d_device_context_DrawGeometry Ignoring stroke style 00007F0C0C71D600.
0024:fixme:d2d:d2d_device_context_DrawGeometry Ignoring stroke style 00007F0C0C71D600.
0024:fixme:d2d:d2d_device_context_DrawGeometry Ignoring stroke style 00007F0C0C71D600.
0024:fixme:d2d:d2d_device_context_DrawGeometry Ignoring stroke style 00007F0C0C71D600.
0024:fixme:d2d:d2d_device_context_DrawGeometry Ignoring stroke style 00007F0C0C71D600.
0024:fixme:d2d:d2d_device_context_DrawGeometry Ignoring stroke style 00007F0C0C71D600.
0024:fixme:d2d:d2d_device_context_DrawGeometry Ignoring stroke style 00007F0C0C71D600.
0024:fixme:d2d:d2d_device_context_DrawGeometry Ignoring stroke style 00007F0C0C71D600.
0024:fixme:d2d:d2d_device_context_DrawGeometry Ignoring stroke style 00007F0C0C71D600.
0024:fixme:d2d:d2d_device_context_DrawGeometry Ignoring stroke style 00007F0C0C71D600.
0024:fixme:d2d:d2d_device_context_DrawGeometry Ignoring stroke style 00007F0C0C71D600.
0024:fixme:d2d:d2d_device_context_DrawGeometry Ignoring stroke style 00007F0C0C71D600.
0024:fixme:d2d:d2d_text_renderer_DrawGlyphRun Ignoring options 0x2.
0024:fixme:d2d:d2d_device_context_DrawGeometry Ignoring stroke style 00007F0C0C71D600.
0024:fixme:d2d:d2d_device_context_DrawGeometry Ignoring stroke style 00007F0C0C71D600.
0024:fixme:d2d:d2d_device_context_DrawGeometry Ignoring stroke style 00007F0C0C71D600.
0024:fixme:d2d:d2d_device_context_DrawGeometry Ignoring stroke style 00007F0C0C71D600.
0024:fixme:d2d:d2d_device_context_DrawGeometry Ignoring stroke style 00007F0C0C71D600.
0024:fixme:d2d:d2d_text_renderer_DrawGlyphRun Ignoring options 0x2.
0024:fixme:d2d:d2d_device_context_DrawGeometry Ignoring stroke style 00007F0C0C71D600.
0024:fixme:d2d:d2d_device_context_DrawGeometry Ignoring stroke style 00007F0C0C71D600.
0024:fixme:shell:ViewModeToListStyle ViewMode -1 not implemented
0024:fixme:shell:IShellBrowser_fnSendControlMsg stub, 00007FFFFE81ED20 (2, 1026, a003, 0, 00007FFFFE20F570)
0024:fixme:shell:IShellBrowser_fnSendControlMsg stub, 00007FFFFE81ED20 (2, 1026, a004, 0, 00007FFFFE20F570)
0024:fixme:shell:IShellBrowser_fnSendControlMsg stub, 00007FFFFE81ED20 (2, 1025, a003, 1, 00007FFFFE20F570)
0024:fixme:shell:IShellBrowser_fnSendControlMsg stub, 00007FFFFE81ED20 (2, 1025, a004, 1, 00007FFFFE20F570)
0024:fixme:d2d:d2d_text_renderer_DrawGlyphRun Ignoring options 0x2.
0024:fixme:d2d:d2d_device_context_DrawGeometry Ignoring stroke style 00007F0C0C71D600.
0024:fixme:d2d:d2d_device_context_DrawGeometry Ignoring stroke style 00007F0C0C71D600.
0024:fixme:d2d:d2d_device_context_DrawGeometry Ignoring stroke style 00007F0C0C71D600.
0024:fixme:d2d:d2d_device_context_DrawGeometry Ignoring stroke style 00007F0C0C71D600.
0024:fixme:d2d:d2d_device_context_DrawGeometry Ignoring stroke style 00007F0C0C71D600.
0024:fixme:d2d:d2d_device_context_DrawGeometry Ignoring stroke style 00007F0C0C71D600.
0024:fixme:d2d:d2d_device_context_DrawGeometry Ignoring stroke style 00007F0C0C71D600.
0024:fixme:d2d:d2d_device_context_DrawGeometry Ignoring stroke style 00007F0C0C71D600.
0024:fixme:d2d:d2d_device_context_DrawGeometry Ignoring stroke style 00007F0C0C71D600.
0024:fixme:d2d:d2d_text_renderer_DrawGlyphRun Ignoring options 0x2.
0024:fixme:d2d:d2d_device_context_DrawGeometry Ignoring stroke style 00007F0C0C71D600.
0024:fixme:d2d:d2d_device_context_DrawGeometry Ignoring stroke style 00007F0C0C71D600.
0024:fixme:d2d:d2d_device_context_DrawGeometry Ignoring stroke style 00007F0C0C71D600.
0024:fixme:d2d:d2d_device_context_DrawGeometry Ignoring stroke style 00007F0C0C71D600.
0024:fixme:d2d:d2d_device_context_DrawGeometry Ignoring stroke style 00007F0C0C71D600.
0024:fixme:d2d:d2d_device_context_DrawGeometry Ignoring stroke style 00007F0C0C71D600.
0024:fixme:d2d:d2d_text_renderer_DrawGlyphRun Ignoring options 0x2.
0024:fixme:d2d:d2d_text_renderer_DrawGlyphRun Ignoring options 0x2.
0024:fixme:d2d:d2d_text_renderer_DrawGlyphRun Ignoring options 0x2.
0024:fixme:d2d:d2d_text_renderer_DrawGlyphRun Ignoring options 0x2.
0024:fixme:d2d:d2d_text_renderer_DrawGlyphRun Ignoring options 0x2.
0024:fixme:d2d:d2d_text_renderer_DrawGlyphRun Ignoring options 0x2.
0024:fixme:d2d:d2d_text_renderer_DrawGlyphRun Ignoring options 0x2.
0024:fixme:d2d:d2d_text_renderer_DrawGlyphRun Ignoring options 0x2.
0024:fixme:d2d:d2d_text_renderer_DrawGlyphRun Ignoring options 0x2.
0024:fixme:d2d:d2d_text_renderer_DrawGlyphRun Ignoring options 0x2.
0024:fixme:d2d:d2d_text_renderer_DrawGlyphRun Ignoring options 0x2.
0024:fixme:d2d:d2d_text_renderer_DrawGlyphRun Ignoring options 0x2.
0024:fixme:d2d:d2d_text_renderer_DrawGlyphRun Ignoring options 0x2.
0024:fixme:d2d:d2d_text_renderer_DrawGlyphRun Ignoring options 0x2.
0024:fixme:d2d:d2d_text_renderer_DrawGlyphRun Ignoring options 0x2.
0024:fixme:d2d:d2d_text_renderer_DrawGlyphRun Ignoring options 0x2.
0024:fixme:d2d:d2d_text_renderer_DrawGlyphRun Ignoring options 0x2.
0024:fixme:d2d:d2d_text_renderer_DrawGlyphRun Ignoring options 0x2.
0024:fixme:d2d:d2d_text_renderer_DrawGlyphRun Ignoring options 0x2.
0024:fixme:d2d:d2d_text_renderer_DrawGlyphRun Ignoring options 0x2.
0024:fixme:d2d:d2d_text_renderer_DrawGlyphRun Ignoring options 0x2.
0024:fixme:d2d:d2d_text_renderer_DrawGlyphRun Ignoring options 0x2.
0024:fixme:d2d:d2d_text_renderer_DrawGlyphRun Ignoring options 0x2.
0024:fixme:d2d:d2d_text_renderer_DrawGlyphRun Ignoring options 0x2.
0024:fixme:d2d:d2d_device_context_DrawGeometry Ignoring stroke style 00007F0C0C71D600.
0024:fixme:d2d:d2d_device_context_DrawGeometry Ignoring stroke style 00007F0C0C71D600.
0024:fixme:d2d:d2d_device_context_DrawGeometry Ignoring stroke style 00007F0C0C71D600.
0024:fixme:d2d:d2d_device_context_DrawGeometry Ignoring stroke style 00007F0C0C71D600.
0024:fixme:d2d:d2d_device_context_DrawGeometry Ignoring stroke style 00007F0C0C71D600.
0024:fixme:d2d:d2d_device_context_DrawGeometry Ignoring stroke style 00007F0C0C71D600.
0024:fixme:d2d:d2d_device_context_DrawGeometry Ignoring stroke style 00007F0C0C71D600.
0024:fixme:d2d:d2d_device_context_DrawGeometry Ignoring stroke style 00007F0C0C71D600.
0024:fixme:d2d:d2d_text_renderer_DrawGlyphRun Ignoring options 0x2.
0024:fixme:process:RegisterApplicationRecoveryCallback 00000001400E2B80, 0000000000000000, 5000, 0: stub, faking success
0024:fixme:d2d:d2d_text_renderer_DrawGlyphRun Ignoring options 0x2.
0024:fixme:d2d:d2d_text_renderer_DrawGlyphRun Ignoring options 0x2.
0024:fixme:d2d:d2d_text_renderer_DrawGlyphRun Ignoring options 0x2.
0024:fixme:d2d:d2d_text_renderer_DrawGlyphRun Ignoring options 0x2.
0024:fixme:d2d:d2d_device_context_DrawGeometry Ignoring stroke style 00007F0C0C71D600.
0024:fixme:d2d:d2d_device_context_DrawGeometry Ignoring stroke style 00007F0C0C71D600.
0024:fixme:d2d:d2d_device_context_DrawGeometry Ignoring stroke style 00007F0C0C71D600.
0024:fixme:d2d:d2d_device_context_DrawGeometry Ignoring stroke style 00007F0C0C71D600.
0024:fixme:d2d:d2d_text_renderer_DrawGlyphRun Ignoring options 0x2.
0024:fixme:d2d:d2d_device_context_DrawGeometry Ignoring stroke style 00007F0C0C7591C0.
0024:fixme:dwrite:dwritetextlayout_HitTestTextPosition No trailing run for empty layout 00007F0C0C5A50E0.
0024:fixme:dwrite:dwritetextlayout_HitTestTextPosition No trailing run for empty layout 00007F0C0C5A5FE0.
0024:fixme:dwrite:dwritetextlayout_HitTestTextPosition No trailing run for empty layout 00007F0C0C5A5FE0.
0024:fixme:dwrite:dwritetextlayout_HitTestTextPosition No trailing run for empty layout 00007F0C0C5A64E0.
0024:fixme:dwrite:dwritetextlayout_HitTestTextPosition No trailing run for empty layout 00007F0C0C5A64E0.
0024:fixme:dwrite:dwritetextlayout_HitTestTextPosition No trailing run for empty layout 00007F0C0C5A69E0.
0024:fixme:dwrite:dwritetextlayout_HitTestTextPosition No trailing run for empty layout 00007F0C0C5A69E0.
0024:fixme:dwrite:dwritetextlayout_HitTestTextPosition No trailing run for empty layout 00007F0C0C5A6EE0.
0024:fixme:dwrite:dwritetextlayout_HitTestTextPosition No trailing run for empty layout 00007F0C0C5A6EE0.
0024:fixme:dwrite:dwritetextlayout_HitTestTextPosition No trailing run for empty layout 00007F0C0C5A73E0.
0024:fixme:dwrite:dwritetextlayout_HitTestTextPosition No trailing run for empty layout 00007F0C0C5A73E0.
0024:fixme:dwrite:dwritetextlayout_HitTestTextPosition No trailing run for empty layout 00007F0C0C5A78E0.
0024:fixme:dwrite:dwritetextlayout_HitTestTextPosition No trailing run for empty layout 00007F0C0C5A78E0.
0024:fixme:dwrite:dwritetextlayout_HitTestTextPosition No trailing run for empty layout 00007F0C0C5A7DE0.
0024:fixme:dwrite:dwritetextlayout_HitTestTextPosition No trailing run for empty layout 00007F0C0C5A7DE0.
0024:fixme:dwrite:dwritetextlayout_HitTestTextPosition No trailing run for empty layout 00007F0C0C5A82E0.
0024:fixme:dwrite:dwritetextlayout_HitTestTextPosition No trailing run for empty layout 00007F0C0C5A82E0.
0024:fixme:dwrite:dwritetextlayout_HitTestTextPosition No trailing run for empty layout 00007F0C0C5A87E0.
0024:fixme:dwrite:dwritetextlayout_HitTestTextPosition No trailing run for empty layout 00007F0C0C5A87E0.
0024:fixme:dwrite:dwritetextlayout_HitTestTextPosition No trailing run for empty layout 00007F0C0C5A8CE0.
0024:fixme:dwrite:dwritetextlayout_HitTestTextPosition No trailing run for empty layout 00007F0C0C5A8CE0.
0024:fixme:dwrite:dwritetextlayout_HitTestTextPosition No trailing run for empty layout 00007F0C0C7B8420.
0024:fixme:dwrite:dwritetextlayout_HitTestTextPosition No trailing run for empty layout 00007F0C0C7B8420.
0024:fixme:dwrite:dwritetextlayout_HitTestTextPosition No trailing run for empty layout 00007F0C0C7B8BA0.
0024:fixme:d2d:d2d_text_renderer_DrawGlyphRun Ignoring options 0x2.
0024:fixme:d2d:d2d_text_renderer_DrawGlyphRun Ignoring options 0x2.
0024:fixme:d2d:d2d_device_context_DrawGeometry Ignoring stroke style 00007F0C0C71D600.
0024:fixme:d2d:d2d_device_context_DrawGeometry Ignoring stroke style 00007F0C0C71D600.
0024:fixme:d2d:d2d_device_context_DrawGeometry Ignoring stroke style 00007F0C0C71D600.
0024:fixme:d2d:d2d_device_context_DrawGeometry Ignoring stroke style 00007F0C0C71D600.
0024:fixme:d2d:d2d_device_context_DrawGeometry Ignoring stroke style 00007F0C0C71D600.
0024:fixme:d2d:d2d_device_context_DrawGeometry Ignoring stroke style 00007F0C0C71D600.
0024:fixme:d2d:d2d_device_context_DrawGeometry Ignoring stroke style 00007F0C0C71D600.
0024:fixme:d2d:d2d_device_context_DrawGeometry Ignoring stroke style 00007F0C0C71D600.
0024:fixme:d2d:d2d_text_renderer_DrawGlyphRun Ignoring options 0x2.
0024:fixme:d2d:d2d_text_renderer_DrawGlyphRun Ignoring options 0x2.
0024:fixme:d2d:d2d_device_context_DrawGeometry Ignoring stroke style 00007F0C0C71D600.
0024:fixme:d2d:d2d_device_context_DrawGeometry Ignoring stroke style 00007F0C0C71D600.
0024:fixme:d2d:d2d_device_context_DrawGeometry Ignoring stroke style 00007F0C0C71D600.
0024:fixme:d2d:d2d_device_context_DrawGeometry Ignoring stroke style 00007F0C0C71D600.
0024:fixme:d2d:d2d_device_context_DrawGeometry Ignoring stroke style 00007F0C0C71D600.
0024:fixme:d2d:d2d_device_context_DrawGeometry Ignoring stroke style 00007F0C0C71D600.
0024:fixme:d2d:d2d_device_context_DrawGeometry Ignoring stroke style 00007F0C0C71D600.
0024:fixme:d2d:d2d_device_context_DrawGeometry Ignoring stroke style 00007F0C0C71D600.
0024:fixme:d2d:d2d_text_renderer_DrawGlyphRun Ignoring options 0x2.
0024:fixme:d2d:d2d_text_renderer_DrawGlyphRun Ignoring options 0x2.
0024:fixme:d2d:d2d_text_renderer_DrawGlyphRun Ignoring options 0x2.
0024:fixme:d2d:d2d_text_renderer_DrawGlyphRun Ignoring options 0x2.
0024:fixme:d2d:d2d_device_context_DrawGeometry Ignoring stroke style 00007F0C0C71D600.
0024:fixme:d2d:d2d_device_context_DrawGeometry Ignoring stroke style 00007F0C0C71D600.
0024:fixme:d2d:d2d_device_context_DrawGeometry Ignoring stroke style 00007F0C0C71D600.
0024:fixme:d2d:d2d_device_context_DrawGeometry Ignoring stroke style 00007F0C0C71D600.
0024:fixme:d2d:d2d_device_context_DrawGeometry Ignoring stroke style 00007F0C0C71D600.
0024:fixme:d2d:d2d_device_context_DrawGeometry Ignoring stroke style 00007F0C0C71D600.
0024:fixme:d2d:d2d_device_context_DrawGeometry Ignoring stroke style 00007F0C0C71D600.
0024:fixme:d2d:d2d_device_context_DrawGeometry Ignoring stroke style 00007F0C0C71D600.
0024:fixme:d2d:d2d_text_renderer_DrawGlyphRun Ignoring options 0x2.
0024:fixme:d2d:d2d_text_renderer_DrawGlyphRun Ignoring options 0x2.
0024:fixme:d2d:d2d_device_context_DrawGeometry Ignoring stroke style 00007F0C0C71D600.
0024:fixme:d2d:d2d_device_context_DrawGeometry Ignoring stroke style 00007F0C0C71D600.
0024:fixme:d2d:d2d_device_context_DrawGeometry Ignoring stroke style 00007F0C0C71D600.
0024:fixme:d2d:d2d_text_renderer_DrawGlyphRun Ignoring options 0x2.
0024:fixme:d2d:d2d_text_renderer_DrawGlyphRun Ignoring options 0x2.
0024:fixme:d2d:d2d_device_context_DrawGeometry Ignoring stroke style 00007F0C0C71D600.
0024:fixme:d2d:d2d_device_context_DrawGeometry Ignoring stroke style 00007F0C0C71D600.
0024:fixme:d2d:d2d_device_context_DrawGeometry Ignoring stroke style 00007F0C0C71D600.
0024:fixme:d2d:d2d_text_renderer_DrawGlyphRun Ignoring options 0x2.
0024:fixme:d2d:d2d_text_renderer_DrawGlyphRun Ignoring options 0x2.
0024:fixme:d2d:d2d_device_context_DrawGeometry Ignoring stroke style 00007F0C0C71D600.
0024:fixme:d2d:d2d_device_context_DrawGeometry Ignoring stroke style 00007F0C0C71D600.
0024:fixme:d2d:d2d_device_context_DrawGeometry Ignoring stroke style 00007F0C0C71D600.
0024:fixme:d2d:d2d_text_renderer_DrawGlyphRun Ignoring options 0x2.
0024:fixme:d2d:d2d_text_renderer_DrawGlyphRun Ignoring options 0x2.
0024:fixme:d2d:d2d_text_renderer_DrawGlyphRun Ignoring options 0x2.
0024:fixme:d2d:d2d_device_context_DrawGeometry Ignoring stroke style 00007F0C0C71D600.
0024:fixme:d2d:d2d_device_context_DrawGeometry Ignoring stroke style 00007F0C0C71D600.
0024:fixme:d2d:d2d_device_context_DrawGeometry Ignoring stroke style 00007F0C0C71D600.
0024:fixme:d2d:d2d_text_renderer_DrawGlyphRun Ignoring options 0x2.
0024:fixme:d2d:d2d_text_renderer_DrawGlyphRun Ignoring options 0x2.
0024:fixme:d2d:d2d_text_renderer_DrawGlyphRun Ignoring options 0x2.
0024:fixme:d2d:d2d_device_context_DrawGeometry Ignoring stroke style 00007F0C0C71D600.
0024:fixme:d2d:d2d_device_context_DrawGeometry Ignoring stroke style 00007F0C0C71D600.
0024:fixme:d2d:d2d_device_context_DrawGeometry Ignoring stroke style 00007F0C0C71D600.
0024:fixme:d2d:d2d_text_renderer_DrawGlyphRun Ignoring options 0x2.
0024:fixme:d2d:d2d_text_renderer_DrawGlyphRun Ignoring options 0x2.
0024:fixme:d2d:d2d_text_renderer_DrawGlyphRun Ignoring options 0x2.
0024:fixme:d2d:d2d_device_context_DrawGeometry Ignoring stroke style 00007F0C0C71D600.
0024:fixme:d2d:d2d_device_context_DrawGeometry Ignoring stroke style 00007F0C0C71D600.
0024:fixme:d2d:d2d_device_context_DrawGeometry Ignoring stroke style 00007F0C0C71D600.
0024:fixme:d2d:d2d_text_renderer_DrawGlyphRun Ignoring options 0x2.
0024:fixme:d2d:d2d_text_renderer_DrawGlyphRun Ignoring options 0x2.
0024:fixme:d2d:d2d_text_renderer_DrawGlyphRun Ignoring options 0x2.
0024:fixme:d2d:d2d_text_renderer_DrawGlyphRun Ignoring options 0x2.
0024:fixme:d2d:d2d_device_context_DrawGeometry Ignoring stroke style 00007F0C0C71D600.
0024:fixme:d2d:d2d_device_context_DrawGeometry Ignoring stroke style 00007F0C0C71D600.
0024:fixme:d2d:d2d_device_context_DrawGeometry Ignoring stroke style 00007F0C0C71D600.
0024:fixme:d2d:d2d_text_renderer_DrawGlyphRun Ignoring options 0x2.
0024:fixme:d2d:d2d_text_renderer_DrawGlyphRun Ignoring options 0x2.
0024:fixme:d2d:d2d_text_renderer_DrawGlyphRun Ignoring options 0x2.
0024:fixme:d2d:d2d_text_renderer_DrawGlyphRun Ignoring options 0x2.
0024:fixme:d2d:d2d_device_context_DrawGeometry Ignoring stroke style 00007F0C0C71D600.
0024:fixme:d2d:d2d_device_context_DrawGeometry Ignoring stroke style 00007F0C0C71D600.
0024:fixme:d2d:d2d_device_context_DrawGeometry Ignoring stroke style 00007F0C0C71D600.
0024:fixme:d2d:d2d_text_renderer_DrawGlyphRun Ignoring options 0x2.
0024:fixme:d2d:d2d_text_renderer_DrawGlyphRun Ignoring options 0x2.
0024:fixme:d2d:d2d_text_renderer_DrawGlyphRun Ignoring options 0x2.
0024:fixme:d2d:d2d_text_renderer_DrawGlyphRun Ignoring options 0x2.
0024:fixme:d2d:d2d_device_context_DrawGeometry Ignoring stroke style 00007F0C0C71D600.
0024:fixme:d2d:d2d_device_context_DrawGeometry Ignoring stroke style 00007F0C0C71D600.
0024:fixme:d2d:d2d_device_context_DrawGeometry Ignoring stroke style 00007F0C0C71D600.
0024:fixme:d2d:d2d_text_renderer_DrawGlyphRun Ignoring options 0x2.
0024:fixme:d2d:d2d_text_renderer_DrawGlyphRun Ignoring options 0x2.
0024:fixme:d2d:d2d_device_context_DrawGeometry Ignoring stroke style 00007F0C0C71D600.
0024:fixme:d2d:d2d_device_context_DrawGeometry Ignoring stroke style 00007F0C0C71D600.
0024:fixme:d2d:d2d_device_context_DrawGeometry Ignoring stroke style 00007F0C0C71D600.
0024:fixme:d2d:d2d_text_renderer_DrawGlyphRun Ignoring options 0x2.
0024:fixme:d2d:d2d_text_renderer_DrawGlyphRun Ignoring options 0x2.
0024:fixme:d2d:d2d_device_context_DrawGeometry Ignoring stroke style 00007F0C0C71D600.
0024:fixme:d2d:d2d_device_context_DrawGeometry Ignoring stroke style 00007F0C0C71D600.
0024:fixme:d2d:d2d_device_context_DrawGeometry Ignoring stroke style 00007F0C0C71D600.
0024:fixme:d2d:d2d_text_renderer_DrawGlyphRun Ignoring options 0x2.
0024:fixme:d2d:d2d_text_renderer_DrawGlyphRun Ignoring options 0x2.
0024:fixme:d2d:d2d_device_context_DrawGeometry Ignoring stroke style 00007F0C0C71D600.
0024:fixme:d2d:d2d_device_context_DrawGeometry Ignoring stroke style 00007F0C0C71D600.
0024:fixme:d2d:d2d_device_context_DrawGeometry Ignoring stroke style 00007F0C0C71D600.
0024:fixme:d2d:d2d_text_renderer_DrawGlyphRun Ignoring options 0x2.
0024:fixme:d2d:d2d_text_renderer_DrawGlyphRun Ignoring options 0x2.
0024:fixme:d2d:d2d_text_renderer_DrawGlyphRun Ignoring options 0x2.
0024:fixme:d2d:d2d_text_renderer_DrawGlyphRun Ignoring options 0x2.
0024:fixme:d2d:d2d_text_renderer_DrawGlyphRun Ignoring options 0x2.
0024:fixme:d2d:d2d_device_context_DrawGeometry Ignoring stroke style 00007F0C0C71D600.
0024:fixme:d2d:d2d_device_context_DrawGeometry Ignoring stroke style 00007F0C0C71D600.
0024:fixme:d2d:d2d_text_renderer_DrawGlyphRun Ignoring options 0x2.
0024:fixme:d2d:d2d_text_renderer_DrawGlyphRun Ignoring options 0x2.
0024:fixme:d2d:d2d_text_renderer_DrawGlyphRun Ignoring options 0x2.
0024:fixme:d2d:d2d_text_renderer_DrawGlyphRun Ignoring options 0x2.
0024:fixme:d2d:d2d_text_renderer_DrawGlyphRun Ignoring options 0x2.
0024:fixme:d2d:d2d_text_renderer_DrawGlyphRun Ignoring options 0x2.
0024:fixme:d2d:d2d_text_renderer_DrawGlyphRun Ignoring options 0x2.
0024:fixme:d2d:d2d_device_context_DrawGeometry Ignoring stroke style 00007F0C0C7591C0.
0024:fixme:d2d:d2d_text_renderer_DrawGlyphRun Ignoring options 0x2.
0024:fixme:d2d:d2d_device_context_DrawGeometry Ignoring stroke style 00007F0C0C7591C0.
0024:fixme:d2d:d2d_text_renderer_DrawGlyphRun Ignoring options 0x2.
0024:fixme:d2d:d2d_device_context_DrawGeometry Ignoring stroke style 00007F0C0C7591C0.
0024:fixme:d2d:d2d_text_renderer_DrawGlyphRun Ignoring options 0x2.
0024:fixme:d2d:d2d_text_renderer_DrawGlyphRun Ignoring options 0x2.
0024:fixme:d2d:d2d_device_context_DrawGeometry Ignoring stroke style 00007F0C0C7591C0.
0024:fixme:d2d:d2d_text_renderer_DrawGlyphRun Ignoring options 0x2.
0024:fixme:d2d:d2d_text_renderer_DrawGlyphRun Ignoring options 0x2.
0024:fixme:d2d:d2d_device_context_DrawGeometry Ignoring stroke style 00007F0C0C7591C0.
0024:fixme:d2d:d2d_text_renderer_DrawGlyphRun Ignoring options 0x2.
0024:fixme:d2d:d2d_device_context_DrawGeometry Ignoring stroke style 00007F0C0C7591C0.
