01a8:fixme:ntdll:NtQuerySystemInformation info_class SYSTEM_PERFORMANCE_INFORMATION
01a8:fixme:dxgi:DXGID3D10CreateDevice Ignoring flags 0x20.
01a8:fixme:d2d:d2d_device_create_device_context Options are ignored 0x1.
01a8:fixme:dwrite:dwritefactory_CreateMonitorRenderingParams (0000000000000001): monitor setting ignored
01a8:fixme:d3d11:d3d11_device_CheckFormatSupport iface 00007FFFFF4B87D0, format 28, format_support 00007FFFFE20F898 partial-stub!
01a8:fixme:d3d11:d3d11_device_CheckFormatSupport iface 00007FFFFF4B87D0, format 87, format_support 00007FFFFE20F898 partial-stub!
01a8:fixme:d3d11:d3d11_device_CheckFormatSupport iface 00007FFFFF4B87D0, format 65, format_support 00007FFFFE20F898 partial-stub!
01a8:fixme:d3d11:d3d11_device_CheckFormatSupport iface 00007FFFFF4B87D0, format 10, format_support 00007FFFFE20F898 partial-stub!
01a8:fixme:d3d11:d3d11_device_CheckFormatSupport iface 00007FFFFF4B87D0, format 69, format_support 00007FFFFE20F898 partial-stub!
01a8:fixme:d3d11:d3d11_device_CheckFormatSupport iface 00007FFFFF4B87D0, format 11, format_support 00007FFFFE20F898 partial-stub!
01a8:fixme:d3d11:d3d11_device_CheckFormatSupport iface 00007FFFFF4B87D0, format 13, format_support 00007FFFFE20F898 partial-stub!
01a8:fixme:d3d_shader:shader_get_registers_used Ignoring typed UAV flags 0x4.
01a8:fixme:d3d_shader:shader_get_registers_used Ignoring typed UAV flags 0x4.
01a8:fixme:d3d_shader:shader_get_registers_used Ignoring typed UAV flags 0x4.
01a8:fixme:d3d_shader:shader_get_registers_used Ignoring typed UAV flags 0x4.
01a8:fixme:d3d_shader:shader_get_registers_used Ignoring typed UAV flags 0x4.
01a8:fixme:d3d_shader:shader_get_registers_used Ignoring typed UAV flags 0x4.
01a8:fixme:d3d_shader:shader_get_registers_used Ignoring typed UAV flags 0x4.
01a8:fixme:d3d_shader:shader_get_registers_used Ignoring typed UAV flags 0x4.
01a8:fixme:d3d_shader:shader_get_registers_used Ignoring typed UAV flags 0x4.
01a8:fixme:d3d_shader:shader_get_registers_used Ignoring typed UAV flags 0x4.
01a8:fixme:d3d_shader:shader_get_registers_used Ignoring typed UAV flags 0x4.
01a8:fixme:d3d_shader:shader_get_registers_used Ignoring typed UAV flags 0x4.
01a8:fixme:d3d_shader:shader_get_registers_used Ignoring typed UAV flags 0x4.
01a8:fixme:d3d_shader:shader_get_registers_used Ignoring typed UAV flags 0x4.
01a8:fixme:d3d_shader:shader_get_registers_used Ignoring typed UAV flags 0x4.
01a8:fixme:d3d_shader:shader_get_registers_used Ignoring typed UAV flags 0x4.
01a8:fixme:d3d_shader:shader_get_registers_used Ignoring typed UAV flags 0x4.
01a8:fixme:d3d_shader:shader_get_registers_used Ignoring typed UAV flags 0x4.
01a8:fixme:d3d_shader:shader_get_registers_used Ignoring typed UAV flags 0x4.
01a8:fixme:d3d_shader:shader_get_registers_used Ignoring typed UAV flags 0x4.
01a8:fixme:d3d_shader:shader_get_registers_used Ignoring typed UAV flags 0x4.
01b0:fixme:kernelbase:AppPolicyGetThreadInitializationType FFFFFFFFFFFFFFFA, 00007FDEECC6FF50
01a8:fixme:dxgi:DXGID3D10CreateDevice Ignoring flags 0x20.
01a8:fixme:d3d11:d3d11_device_context_SwapDeviceContextState D3D10 interface emulation not fully implemented yet!
01b8:fixme:d3d:state_linepattern_w Setting line patterns is not supported in OpenGL core contexts.
01a8:fixme:d2d:d2d_text_renderer_DrawGlyphRun Ignoring options 0x2.
01a8:fixme:explorerframe:taskbar_list_SetProgressState iface 00007FDE98449E70, hwnd 000000000007006E, flags 2 stub!
01a8:fixme:explorerframe:taskbar_list_SetProgressValue iface 00007FDE98449E70, hwnd 000000000007006E, ullCompleted 0, ullTotal 64 stub!
01a8:fixme:d3d_shader:shader_get_registers_used Ignoring typed UAV flags 0x4.
01a8:fixme:d3d_shader:shader_get_registers_used Ignoring typed UAV flags 0x4.
01a8:fixme:d3d_shader:shader_get_registers_used Ignoring typed UAV flags 0x4.
01a8:fixme:dwrite:dwritetextlayout_HitTestTextPosition No trailing run for empty layout 00007FDE987F5DB0.
01a8:fixme:dwrite:dwritetextlayout_HitTestTextPosition No trailing run for empty layout 00007FDE987F6030.
01a8:fixme:dwrite:dwritetextlayout_HitTestTextPosition No trailing run for empty layout 00007FDE987F5380.
01a8:fixme:dwrite:dwritetextlayout_HitTestTextPosition No trailing run for empty layout 00007FDE987F5380.
01a8:fixme:dwrite:dwritetextlayout_HitTestTextPosition No trailing run for empty layout 00007FDE98804500.
01a8:fixme:dwrite:dwritetextlayout_HitTestTextPosition No trailing run for empty layout 00007FDE98804780.
01a8:fixme:dwrite:dwritetextlayout_HitTestTextPosition No trailing run for empty layout 00007FDE98804780.
01a8:fixme:dwrite:dwritetextlayout_HitTestTextPosition No trailing run for empty layout 00007FDE988072A0.
01a8:fixme:dwrite:dwritetextlayout_HitTestTextPosition No trailing run for empty layout 00007FDE98807520.
01a8:fixme:dwrite:dwritetextlayout_HitTestTextPosition No trailing run for empty layout 00007FDE987F68A0.
01a8:fixme:dwrite:dwritetextlayout_HitTestTextPosition No trailing run for empty layout 00007FDE987F6B20.
01a8:fixme:dwrite:dwritetextlayout_HitTestTextPosition No trailing run for empty layout 00007FDE98919950.
01a8:fixme:dwrite:dwritetextlayout_HitTestTextPosition No trailing run for empty layout 00007FDE98919BD0.
01a8:fixme:dwrite:dwritetextlayout_HitTestTextPosition No trailing run for empty layout 00007FDE98919E50.
01a8:fixme:dwrite:dwritetextlayout_HitTestTextPosition No trailing run for empty layout 00007FDE9891A0D0.
01a8:fixme:d2d:d2d_text_renderer_DrawGlyphRun Ignoring options 0x2.
01a8:fixme:d2d:d2d_text_renderer_DrawGlyphRun Ignoring options 0x2.
01a8:fixme:d2d:d2d_text_renderer_DrawGlyphRun Ignoring options 0x2.
01a8:fixme:d2d:d2d_text_renderer_DrawGlyphRun Ignoring options 0x2.
01a8:fixme:d2d:d2d_text_renderer_DrawGlyphRun Ignoring options 0x2.
01a8:fixme:d2d:d2d_text_renderer_DrawGlyphRun Ignoring options 0x2.
01a8:fixme:d2d:d2d_text_renderer_DrawGlyphRun Ignoring options 0x2.
01a8:fixme:d2d:d2d_text_renderer_DrawGlyphRun Ignoring options 0x2.
01a8:fixme:d2d:d2d_text_renderer_DrawGlyphRun Ignoring options 0x2.
01a8:fixme:d2d:d2d_text_renderer_DrawGlyphRun Ignoring options 0x2.
01a8:fixme:d2d:d2d_text_renderer_DrawGlyphRun Ignoring options 0x2.
01a8:fixme:d2d:d2d_text_renderer_DrawGlyphRun Ignoring options 0x2.
01a8:fixme:d2d:d2d_text_renderer_DrawGlyphRun Ignoring options 0x2.
01a8:fixme:d2d:d2d_text_renderer_DrawGlyphRun Ignoring options 0x2.
01a8:fixme:d2d:d2d_device_context_DrawGeometry Ignoring stroke style 00007FDE9897C8A0.
01a8:fixme:d2d:d2d_device_context_DrawGeometry Ignoring stroke style 00007FDE9897C8A0.
01a8:fixme:d2d:d2d_device_context_DrawGeometry Ignoring stroke style 00007FDE9897C8A0.
01a8:fixme:d2d:d2d_device_context_DrawGeometry Ignoring stroke style 00007FDE9897C8A0.
01a8:fixme:d2d:d2d_device_context_DrawGeometry Ignoring stroke style 00007FDE9897C8A0.
01a8:fixme:d2d:d2d_device_context_DrawGeometry Ignoring stroke style 00007FDE9897C8A0.
01a8:fixme:d2d:d2d_device_context_DrawGeometry Ignoring stroke style 00007FDE9897C8A0.
01a8:fixme:d2d:d2d_device_context_DrawGeometry Ignoring stroke style 00007FDE9897C8A0.
01a8:fixme:d2d:d2d_text_renderer_DrawGlyphRun Ignoring options 0x2.
01a8:fixme:d2d:d2d_device_context_DrawGeometry Ignoring stroke style 00007FDE9897C8A0.
01a8:fixme:d2d:d2d_device_context_DrawGeometry Ignoring stroke style 00007FDE9897C8A0.
01a8:fixme:d2d:d2d_device_context_DrawGeometry Ignoring stroke style 00007FDE9897C8A0.
01a8:fixme:d2d:d2d_device_context_DrawGeometry Ignoring stroke style 00007FDE9897C8A0.
01a8:fixme:d2d:d2d_device_context_DrawGeometry Ignoring stroke style 00007FDE9897C8A0.
01a8:fixme:d2d:d2d_device_context_DrawGeometry Ignoring stroke style 00007FDE9897C8A0.
01a8:fixme:d2d:d2d_device_context_DrawGeometry Ignoring stroke style 00007FDE9897C8A0.
01a8:fixme:d2d:d2d_device_context_DrawGeometry Ignoring stroke style 00007FDE9897C8A0.
01a8:fixme:d2d:d2d_device_context_DrawGeometry Ignoring stroke style 00007FDE9897C8A0.
01a8:fixme:d2d:d2d_device_context_DrawGeometry Ignoring stroke style 00007FDE9897C8A0.
01a8:fixme:d2d:d2d_device_context_DrawGeometry Ignoring stroke style 00007FDE9897C8A0.
01a8:fixme:d2d:d2d_device_context_DrawGeometry Ignoring stroke style 00007FDE9897C8A0.
01a8:fixme:d2d:d2d_text_renderer_DrawGlyphRun Ignoring options 0x2.
01a8:fixme:d2d:d2d_device_context_DrawGeometry Ignoring stroke style 00007FDE9897C8A0.
01a8:fixme:d2d:d2d_device_context_DrawGeometry Ignoring stroke style 00007FDE9897C8A0.
01a8:fixme:d2d:d2d_device_context_DrawGeometry Ignoring stroke style 00007FDE9897C8A0.
01a8:fixme:d2d:d2d_device_context_DrawGeometry Ignoring stroke style 00007FDE9897C8A0.
01a8:fixme:d2d:d2d_device_context_DrawGeometry Ignoring stroke style 00007FDE9897C8A0.
01a8:fixme:d2d:d2d_text_renderer_DrawGlyphRun Ignoring options 0x2.
01a8:fixme:d2d:d2d_device_context_DrawGeometry Ignoring stroke style 00007FDE9897C8A0.
01a8:fixme:d2d:d2d_device_context_DrawGeometry Ignoring stroke style 00007FDE9897C8A0.
01a8:fixme:shell:ViewModeToListStyle ViewMode -1 not implemented
01a8:fixme:shell:IShellBrowser_fnSendControlMsg stub, 00007FFFFE81E1D0 (2, 1026, a003, 0, 00007FFFFE20F570)
01a8:fixme:shell:IShellBrowser_fnSendControlMsg stub, 00007FFFFE81E1D0 (2, 1026, a004, 0, 00007FFFFE20F570)
01a8:fixme:shell:IShellBrowser_fnSendControlMsg stub, 00007FFFFE81E1D0 (2, 1025, a003, 1, 00007FFFFE20F570)
01a8:fixme:shell:IShellBrowser_fnSendControlMsg stub, 00007FFFFE81E1D0 (2, 1025, a004, 1, 00007FFFFE20F570)
01a8:fixme:d2d:d2d_text_renderer_DrawGlyphRun Ignoring options 0x2.
01a8:fixme:d2d:d2d_device_context_DrawGeometry Ignoring stroke style 00007FDE9897C8A0.
01a8:fixme:d2d:d2d_device_context_DrawGeometry Ignoring stroke style 00007FDE9897C8A0.
01a8:fixme:d2d:d2d_device_context_DrawGeometry Ignoring stroke style 00007FDE9897C8A0.
01a8:fixme:d2d:d2d_device_context_DrawGeometry Ignoring stroke style 00007FDE9897C8A0.
01a8:fixme:d2d:d2d_device_context_DrawGeometry Ignoring stroke style 00007FDE9897C8A0.
01a8:fixme:d2d:d2d_device_context_DrawGeometry Ignoring stroke style 00007FDE9897C8A0.
01a8:fixme:d2d:d2d_device_context_DrawGeometry Ignoring stroke style 00007FDE9897C8A0.
01a8:fixme:d2d:d2d_device_context_DrawGeometry Ignoring stroke style 00007FDE9897C8A0.
01a8:fixme:d2d:d2d_device_context_DrawGeometry Ignoring stroke style 00007FDE9897C8A0.
01a8:fixme:d2d:d2d_text_renderer_DrawGlyphRun Ignoring options 0x2.
01a8:fixme:d2d:d2d_device_context_DrawGeometry Ignoring stroke style 00007FDE9897C8A0.
01a8:fixme:d2d:d2d_device_context_DrawGeometry Ignoring stroke style 00007FDE9897C8A0.
01a8:fixme:d2d:d2d_device_context_DrawGeometry Ignoring stroke style 00007FDE9897C8A0.
01a8:fixme:d2d:d2d_device_context_DrawGeometry Ignoring stroke style 00007FDE9897C8A0.
01a8:fixme:d2d:d2d_device_context_DrawGeometry Ignoring stroke style 00007FDE9897C8A0.
01a8:fixme:d2d:d2d_device_context_DrawGeometry Ignoring stroke style 00007FDE9897C8A0.
01a8:fixme:d2d:d2d_text_renderer_DrawGlyphRun Ignoring options 0x2.
01a8:fixme:d2d:d2d_text_renderer_DrawGlyphRun Ignoring options 0x2.
01a8:fixme:d2d:d2d_text_renderer_DrawGlyphRun Ignoring options 0x2.
01a8:fixme:d2d:d2d_text_renderer_DrawGlyphRun Ignoring options 0x2.
01a8:fixme:d2d:d2d_text_renderer_DrawGlyphRun Ignoring options 0x2.
01a8:fixme:d2d:d2d_text_renderer_DrawGlyphRun Ignoring options 0x2.
01a8:fixme:d2d:d2d_text_renderer_DrawGlyphRun Ignoring options 0x2.
01a8:fixme:d2d:d2d_text_renderer_DrawGlyphRun Ignoring options 0x2.
01a8:fixme:d2d:d2d_text_renderer_DrawGlyphRun Ignoring options 0x2.
01a8:fixme:d2d:d2d_text_renderer_DrawGlyphRun Ignoring options 0x2.
01a8:fixme:d2d:d2d_text_renderer_DrawGlyphRun Ignoring options 0x2.
01a8:fixme:d2d:d2d_text_renderer_DrawGlyphRun Ignoring options 0x2.
01a8:fixme:d2d:d2d_text_renderer_DrawGlyphRun Ignoring options 0x2.
01a8:fixme:d2d:d2d_text_renderer_DrawGlyphRun Ignoring options 0x2.
01a8:fixme:d2d:d2d_text_renderer_DrawGlyphRun Ignoring options 0x2.
01a8:fixme:d2d:d2d_text_renderer_DrawGlyphRun Ignoring options 0x2.
01a8:fixme:d2d:d2d_text_renderer_DrawGlyphRun Ignoring options 0x2.
01a8:fixme:d2d:d2d_device_context_DrawGeometry Ignoring stroke style 00007FDE9897C8A0.
01a8:fixme:d2d:d2d_device_context_DrawGeometry Ignoring stroke style 00007FDE9897C8A0.
01a8:fixme:d2d:d2d_device_context_DrawGeometry Ignoring stroke style 00007FDE9897C8A0.
01a8:fixme:d2d:d2d_device_context_DrawGeometry Ignoring stroke style 00007FDE9897C8A0.
01a8:fixme:d2d:d2d_device_context_DrawGeometry Ignoring stroke style 00007FDE9897C8A0.
01a8:fixme:d2d:d2d_device_context_DrawGeometry Ignoring stroke style 00007FDE9897C8A0.
01a8:fixme:d2d:d2d_device_context_DrawGeometry Ignoring stroke style 00007FDE9897C8A0.
01a8:fixme:d2d:d2d_device_context_DrawGeometry Ignoring stroke style 00007FDE9897C8A0.
01a8:fixme:d2d:d2d_text_renderer_DrawGlyphRun Ignoring options 0x2.
01a8:fixme:process:RegisterApplicationRecoveryCallback 00000001400E2B80, 0000000000000000, 5000, 0: stub, faking success
01a8:err:d3d:wined3d_swapchain_resize_buffers Something's still holding back buffer 0 (00007FDE9846BA60).
01a8:fixme:d2d:d2d_text_renderer_DrawGlyphRun Ignoring options 0x2.
01a8:fixme:d2d:d2d_text_renderer_DrawGlyphRun Ignoring options 0x2.
01a8:fixme:d2d:d2d_text_renderer_DrawGlyphRun Ignoring options 0x2.
01a8:fixme:d2d:d2d_text_renderer_DrawGlyphRun Ignoring options 0x2.
01a8:fixme:d2d:d2d_text_renderer_DrawGlyphRun Ignoring options 0x2.
01a8:fixme:d2d:d2d_text_renderer_DrawGlyphRun Ignoring options 0x2.
01a8:fixme:d2d:d2d_text_renderer_DrawGlyphRun Ignoring options 0x2.
01a8:fixme:d2d:d2d_text_renderer_DrawGlyphRun Ignoring options 0x2.
01a8:fixme:d2d:d2d_text_renderer_DrawGlyphRun Ignoring options 0x2.
01a8:fixme:d2d:d2d_text_renderer_DrawGlyphRun Ignoring options 0x2.
01a8:fixme:d2d:d2d_text_renderer_DrawGlyphRun Ignoring options 0x2.
01a8:fixme:d2d:d2d_text_renderer_DrawGlyphRun Ignoring options 0x2.
01a8:fixme:d2d:d2d_text_renderer_DrawGlyphRun Ignoring options 0x2.
01a8:fixme:d2d:d2d_text_renderer_DrawGlyphRun Ignoring options 0x2.
01a8:fixme:d2d:d2d_text_renderer_DrawGlyphRun Ignoring options 0x2.
01a8:fixme:d2d:d2d_device_context_DrawGeometry Ignoring stroke style 00007FDE9897C8A0.
01a8:fixme:d2d:d2d_device_context_DrawGeometry Ignoring stroke style 00007FDE9897C8A0.
01a8:fixme:d2d:d2d_device_context_DrawGeometry Ignoring stroke style 00007FDE9897C8A0.
01a8:fixme:d2d:d2d_device_context_DrawGeometry Ignoring stroke style 00007FDE9897C8A0.
01a8:fixme:d2d:d2d_device_context_DrawGeometry Ignoring stroke style 00007FDE9897C8A0.
01a8:fixme:d2d:d2d_device_context_DrawGeometry Ignoring stroke style 00007FDE9897C8A0.
01a8:fixme:d2d:d2d_device_context_DrawGeometry Ignoring stroke style 00007FDE9897C8A0.
01a8:fixme:d2d:d2d_device_context_DrawGeometry Ignoring stroke style 00007FDE9897C8A0.
01a8:fixme:d2d:d2d_text_renderer_DrawGlyphRun Ignoring options 0x2.
01a8:fixme:d2d:d2d_device_context_DrawGeometry Ignoring stroke style 00007FDE9897C8A0.
01a8:fixme:d2d:d2d_device_context_DrawGeometry Ignoring stroke style 00007FDE9897C8A0.
01a8:fixme:d2d:d2d_device_context_DrawGeometry Ignoring stroke style 00007FDE9897C8A0.
01a8:fixme:d2d:d2d_device_context_DrawGeometry Ignoring stroke style 00007FDE9897C8A0.
01a8:fixme:d2d:d2d_device_context_DrawGeometry Ignoring stroke style 00007FDE9897C8A0.
01a8:fixme:d2d:d2d_device_context_DrawGeometry Ignoring stroke style 00007FDE9897C8A0.
01a8:fixme:d2d:d2d_device_context_DrawGeometry Ignoring stroke style 00007FDE9897C8A0.
01a8:fixme:d2d:d2d_device_context_DrawGeometry Ignoring stroke style 00007FDE9897C8A0.
01a8:fixme:d2d:d2d_device_context_DrawGeometry Ignoring stroke style 00007FDE9897C8A0.
01a8:fixme:d2d:d2d_device_context_DrawGeometry Ignoring stroke style 00007FDE9897C8A0.
01a8:fixme:d2d:d2d_device_context_DrawGeometry Ignoring stroke style 00007FDE9897C8A0.
01a8:fixme:d2d:d2d_device_context_DrawGeometry Ignoring stroke style 00007FDE9897C8A0.
01a8:fixme:d2d:d2d_text_renderer_DrawGlyphRun Ignoring options 0x2.
01a8:fixme:d2d:d2d_device_context_DrawGeometry Ignoring stroke style 00007FDE9897C8A0.
01a8:fixme:d2d:d2d_device_context_DrawGeometry Ignoring stroke style 00007FDE9897C8A0.
01a8:fixme:d2d:d2d_text_renderer_DrawGlyphRun Ignoring options 0x2.
01a8:fixme:d2d:d2d_device_context_DrawGeometry Ignoring stroke style 00007FDE9897C8A0.
01a8:fixme:d2d:d2d_device_context_DrawGeometry Ignoring stroke style 00007FDE9897C8A0.
01a8:fixme:d2d:d2d_device_context_DrawGeometry Ignoring stroke style 00007FDE9897C8A0.
01a8:fixme:d2d:d2d_text_renderer_DrawGlyphRun Ignoring options 0x2.
01a8:fixme:d2d:d2d_device_context_DrawGeometry Ignoring stroke style 00007FDE9897C8A0.
01a8:fixme:d2d:d2d_device_context_DrawGeometry Ignoring stroke style 00007FDE9897C8A0.
01a8:fixme:d2d:d2d_device_context_DrawGeometry Ignoring stroke style 00007FDE9897C8A0.
01a8:fixme:d2d:d2d_device_context_DrawGeometry Ignoring stroke style 00007FDE9897C8A0.
01a8:fixme:d2d:d2d_device_context_DrawGeometry Ignoring stroke style 00007FDE9897C8A0.
01a8:fixme:d2d:d2d_device_context_DrawGeometry Ignoring stroke style 00007FDE9897C8A0.
01a8:fixme:d2d:d2d_device_context_DrawGeometry Ignoring stroke style 00007FDE9897C8A0.
01a8:fixme:d2d:d2d_device_context_DrawGeometry Ignoring stroke style 00007FDE9897C8A0.
01a8:fixme:d2d:d2d_device_context_DrawGeometry Ignoring stroke style 00007FDE9897C8A0.
01a8:fixme:d2d:d2d_device_context_DrawGeometry Ignoring stroke style 00007FDE9897C8A0.
01a8:fixme:d2d:d2d_device_context_DrawGeometry Ignoring stroke style 00007FDE9897C8A0.
01a8:fixme:d2d:d2d_text_renderer_DrawGlyphRun Ignoring options 0x2.
01a8:fixme:d2d:d2d_device_context_DrawGeometry Ignoring stroke style 00007FDE9897C8A0.
01a8:fixme:d2d:d2d_device_context_DrawGeometry Ignoring stroke style 00007FDE9897C8A0.
01a8:fixme:d2d:d2d_device_context_DrawGeometry Ignoring stroke style 00007FDE9897C8A0.
01a8:fixme:d2d:d2d_device_context_DrawGeometry Ignoring stroke style 00007FDE9897C8A0.
01a8:fixme:d2d:d2d_device_context_DrawGeometry Ignoring stroke style 00007FDE9897C8A0.
01a8:fixme:d2d:d2d_device_context_DrawGeometry Ignoring stroke style 00007FDE9897C8A0.
01a8:fixme:d2d:d2d_text_renderer_DrawGlyphRun Ignoring options 0x2.
01a8:fixme:d2d:d2d_text_renderer_DrawGlyphRun Ignoring options 0x2.
