wine: failed to start L"C:\\windows\\syswow64\\rundll32.exe": c0000135
0024:fixme:ntdll:NtQuerySystemInformation info_class SYSTEM_PERFORMANCE_INFORMATION
0024:fixme:dxgi:DXGID3D10CreateDevice Ignoring flags 0x20.
0024:fixme:d2d:d2d_device_create_device_context Options are ignored 0x1.
0024:fixme:dwrite:dwritefactory_CreateMonitorRenderingParams (0000000000000001): monitor setting ignored
0024:fixme:d3d11:d3d11_device_CheckFormatSupport iface 00007FFFFF4B87D0, format 28, format_support 00007FFFFE20F898 partial-stub!
0024:fixme:d3d11:d3d11_device_CheckFormatSupport iface 00007FFFFF4B87D0, format 87, format_support 00007FFFFE20F898 partial-stub!
0024:fixme:d3d11:d3d11_device_CheckFormatSupport iface 00007FFFFF4B87D0, format 65, format_support 00007FFFFE20F898 partial-stub!
0024:fixme:d3d11:d3d11_device_CheckFormatSupport iface 00007FFFFF4B87D0, format 10, format_support 00007FFFFE20F898 partial-stub!
0024:fixme:d3d11:d3d11_device_CheckFormatSupport iface 00007FFFFF4B87D0, format 69, format_support 00007FFFFE20F898 partial-stub!
0024:fixme:d3d11:d3d11_device_CheckFormatSupport iface 00007FFFFF4B87D0, format 11, format_support 00007FFFFE20F898 partial-stub!
0024:fixme:d3d11:d3d11_device_CheckFormatSupport iface 00007FFFFF4B87D0, format 13, format_support 00007FFFFE20F898 partial-stub!
0024:fixme:d3d_shader:shader_get_registers_used Ignoring typed UAV flags 0x4.
0024:fixme:d3d_shader:shader_get_registers_used Ignoring typed UAV flags 0x4.
0024:fixme:d3d_shader:shader_get_registers_used Ignoring typed UAV flags 0x4.
0024:fixme:d3d_shader:shader_get_registers_used Ignoring typed UAV flags 0x4.
0024:fixme:d3d_shader:shader_get_registers_used Ignoring typed UAV flags 0x4.
0024:fixme:d3d_shader:shader_get_registers_used Ignoring typed UAV flags 0x4.
0024:fixme:d3d_shader:shader_get_registers_used Ignoring typed UAV flags 0x4.
0024:fixme:d3d_shader:shader_get_registers_used Ignoring typed UAV flags 0x4.
0024:fixme:d3d_shader:shader_get_registers_used Ignoring typed UAV flags 0x4.
0024:fixme:d3d_shader:shader_get_registers_used Ignoring typed UAV flags 0x4.
0024:fixme:d3d_shader:shader_get_registers_used Ignoring typed UAV flags 0x4.
0024:fixme:d3d_shader:shader_get_registers_used Ignoring typed UAV flags 0x4.
0024:fixme:d3d_shader:shader_get_registers_used Ignoring typed UAV flags 0x4.
0024:fixme:d3d_shader:shader_get_registers_used Ignoring typed UAV flags 0x4.
0024:fixme:d3d_shader:shader_get_registers_used Ignoring typed UAV flags 0x4.
0024:fixme:d3d_shader:shader_get_registers_used Ignoring typed UAV flags 0x4.
0024:fixme:d3d_shader:shader_get_registers_used Ignoring typed UAV flags 0x4.
0024:fixme:d3d_shader:shader_get_registers_used Ignoring typed UAV flags 0x4.
0024:fixme:d3d_shader:shader_get_registers_used Ignoring typed UAV flags 0x4.
0024:fixme:d3d_shader:shader_get_registers_used Ignoring typed UAV flags 0x4.
0024:fixme:d3d_shader:shader_get_registers_used Ignoring typed UAV flags 0x4.
0144:fixme:kernelbase:AppPolicyGetThreadInitializationType FFFFFFFFFFFFFFFA, 00007F489D83FF50
0024:fixme:dxgi:DXGID3D10CreateDevice Ignoring flags 0x20.
0024:fixme:d3d11:d3d11_device_context_SwapDeviceContextState D3D10 interface emulation not fully implemented yet!
014c:fixme:d3d:state_linepattern_w Setting line patterns is not supported in OpenGL core contexts.
0024:fixme:d2d:d2d_text_renderer_DrawGlyphRun Ignoring options 0x2.
0024:fixme:explorerframe:taskbar_list_SetProgressState iface 00007F4845079F70, hwnd 000000000004006C, flags 2 stub!
0024:fixme:explorerframe:taskbar_list_SetProgressValue iface 00007F4845079F70, hwnd 000000000004006C, ullCompleted 0, ullTotal 64 stub!
0024:fixme:d3d_shader:shader_get_registers_used Ignoring typed UAV flags 0x4.
0024:fixme:d3d_shader:shader_get_registers_used Ignoring typed UAV flags 0x4.
0024:fixme:d3d_shader:shader_get_registers_used Ignoring typed UAV flags 0x4.
wine: Unhandled page fault on read access to 0000000000000080 at address 00006FFFF9E26433 (thread 0024), starting debugger...
